This file contains any messages produced by compilers while
running configure, to aid debugging if configure makes a mistake.

It was created by open_jtalk configure 1.05, which was
generated by GNU Autoconf 2.63.  Invocation command line was

  $ ./configure --with-charset=UTF-8 --with-hts-engine-header-path=/Users/hecomi/Program/javascript/node.js/openjtalk/lib/hts_engine_API-1.06//include --with-hts-engine-library-path=/Users/hecomi/Program/javascript/node.js/openjtalk/lib/hts_engine_API-1.06//lib

## --------- ##
## Platform. ##
## --------- ##

hostname = hecomba.local
uname -m = x86_64
uname -r = 12.2.0
uname -s = Darwin
uname -v = Darwin Kernel Version 12.2.0: Sat Aug 25 00:48:52 PDT 2012; root:xnu-2050.18.24~1/RELEASE_X86_64

/usr/bin/uname -p = i386
/bin/uname -X     = unknown

/bin/arch              = unknown
/usr/bin/arch -k       = unknown
/usr/convex/getsysinfo = unknown
/usr/bin/hostinfo      = Mach kernel version:
	 Darwin Kernel Version 12.2.0: Sat Aug 25 00:48:52 PDT 2012; root:xnu-2050.18.24~1/RELEASE_X86_64
Kernel configured for up to 4 processors.
2 processors are physically available.
4 processors are logically available.
Processor type: i486 (Intel 80486)
Processors active: 0 1 2 3
Primary memory available: 8.00 gigabytes
Default processor set: 167 tasks, 853 threads, 4 processors
Load average: 3.71, Mach factor: 0.65
/bin/machine           = unknown
/usr/bin/oslevel       = unknown
/bin/universe          = unknown

PATH: /Users/hecomi/.nave/installed/0.8.15/bin
PATH: /Users/hecomi/.nave/installed/0.8.15/lib/node_modules/npm/bin/node-gyp-bin
PATH: /Users/hecomi/Dropbox/Program/javascript/node.js/openjtalk/node_modules/.bin
PATH: /Users/hecomi/.git/git-tasukete
PATH: /usr/gcc-4.8/bin
PATH: /usr/gcc-4.7/bin
PATH: /Users/hecomi/.rvm/bin/
PATH: /usr/local/clang-3.1/bin
PATH: /usr/local/sbin
PATH: /usr/bin
PATH: /bin
PATH: /usr/sbin
PATH: /sbin
PATH: /usr/local/bin
PATH: /opt/X11/bin
PATH: /Users/hecomi/.nave/installed/0.8.15/bin
PATH: /Users/hecomi/.rvm/gems/ruby-1.9.2-p320/bin
PATH: /Users/hecomi/.rvm/gems/ruby-1.9.2-p320@global/bin
PATH: /Users/hecomi/.rvm/rubies/ruby-1.9.2-p320/bin
PATH: /Users/hecomi/.rvm/bin
PATH: /Users/hecomi/.git/git-tasukete
PATH: /usr/gcc-4.8/bin
PATH: /usr/gcc-4.7/bin
PATH: /Users/hecomi/.rvm/bin/
PATH: /usr/local/clang-3.1/bin
PATH: /usr/local/sbin
PATH: /Library/Frameworks/Python.framework/Versions/2.7/bin


## ----------- ##
## Core tests. ##
## ----------- ##

configure:1927: checking for a BSD-compatible install
configure:1995: result: /usr/bin/install -c
configure:2006: checking whether build environment is sane
configure:2049: result: yes
configure:2074: checking for a thread-safe mkdir -p
configure:2113: result: config/install-sh -c -d
configure:2126: checking for gawk
configure:2156: result: no
configure:2126: checking for mawk
configure:2156: result: no
configure:2126: checking for nawk
configure:2156: result: no
configure:2126: checking for awk
configure:2142: found /usr/bin/awk
configure:2153: result: awk
configure:2164: checking whether make sets $(MAKE)
configure:2186: result: yes
configure:2411: checking for gcc
configure:2427: found /usr/bin/gcc
configure:2438: result: gcc
configure:2670: checking for C compiler version
configure:2678: gcc --version >&5
i686-apple-darwin11-llvm-gcc-4.2 (GCC) 4.2.1 (Based on Apple Inc. build 5658) (LLVM build 2336.11.00)
Copyright (C) 2007 Free Software Foundation, Inc.
This is free software; see the source for copying conditions.  There is NO
warranty; not even for MERCHANTABILITY or FITNESS FOR A PARTICULAR PURPOSE.

configure:2682: $? = 0
configure:2689: gcc -v >&5
Using built-in specs.
Target: i686-apple-darwin11
Configured with: /private/var/tmp/llvmgcc42/llvmgcc42-2336.11~28/src/configure --disable-checking --enable-werror --prefix=/Applications/Xcode.app/Contents/Developer/usr/llvm-gcc-4.2 --mandir=/share/man --enable-languages=c,objc,c++,obj-c++ --program-prefix=llvm- --program-transform-name=/^[cg][^.-]*$/s/$/-4.2/ --with-slibdir=/usr/lib --build=i686-apple-darwin11 --enable-llvm=/private/var/tmp/llvmgcc42/llvmgcc42-2336.11~28/dst-llvmCore/Developer/usr/local --program-prefix=i686-apple-darwin11- --host=x86_64-apple-darwin11 --target=i686-apple-darwin11 --with-gxx-include-dir=/usr/include/c++/4.2.1
Thread model: posix
gcc version 4.2.1 (Based on Apple Inc. build 5658) (LLVM build 2336.11.00)
configure:2693: $? = 0
configure:2700: gcc -V >&5
llvm-gcc-4.2: argument to `-V' is missing
configure:2704: $? = 1
configure:2727: checking for C compiler default output file name
configure:2749: gcc    conftest.c  >&5
configure:2753: $? = 0
configure:2791: result: a.out
configure:2810: checking whether the C compiler works
configure:2820: ./a.out
configure:2824: $? = 0
configure:2843: result: yes
configure:2850: checking whether we are cross compiling
configure:2852: result: no
configure:2855: checking for suffix of executables
configure:2862: gcc -o conftest    conftest.c  >&5
configure:2866: $? = 0
configure:2892: result: 
configure:2898: checking for suffix of object files
configure:2924: gcc -c   conftest.c >&5
configure:2928: $? = 0
configure:2953: result: o
configure:2957: checking whether we are using the GNU C compiler
configure:2986: gcc -c   conftest.c >&5
configure:2993: $? = 0
configure:3010: result: yes
configure:3019: checking whether gcc accepts -g
configure:3049: gcc -c -g  conftest.c >&5
configure:3056: $? = 0
configure:3157: result: yes
configure:3174: checking for gcc option to accept ISO C89
configure:3248: gcc  -c -g -O2  conftest.c >&5
configure:3255: $? = 0
configure:3278: result: none needed
configure:3307: checking for style of include used by make
configure:3335: result: GNU
configure:3360: checking dependency style of gcc
configure:3451: result: gcc3
configure:3524: checking for g++
configure:3540: found /usr/bin/g++
configure:3551: result: g++
configure:3578: checking for C++ compiler version
configure:3586: g++ --version >&5
i686-apple-darwin11-llvm-g++-4.2 (GCC) 4.2.1 (Based on Apple Inc. build 5658) (LLVM build 2336.11.00)
Copyright (C) 2007 Free Software Foundation, Inc.
This is free software; see the source for copying conditions.  There is NO
warranty; not even for MERCHANTABILITY or FITNESS FOR A PARTICULAR PURPOSE.

configure:3590: $? = 0
configure:3597: g++ -v >&5
Using built-in specs.
Target: i686-apple-darwin11
Configured with: /private/var/tmp/llvmgcc42/llvmgcc42-2336.11~28/src/configure --disable-checking --enable-werror --prefix=/Applications/Xcode.app/Contents/Developer/usr/llvm-gcc-4.2 --mandir=/share/man --enable-languages=c,objc,c++,obj-c++ --program-prefix=llvm- --program-transform-name=/^[cg][^.-]*$/s/$/-4.2/ --with-slibdir=/usr/lib --build=i686-apple-darwin11 --enable-llvm=/private/var/tmp/llvmgcc42/llvmgcc42-2336.11~28/dst-llvmCore/Developer/usr/local --program-prefix=i686-apple-darwin11- --host=x86_64-apple-darwin11 --target=i686-apple-darwin11 --with-gxx-include-dir=/usr/include/c++/4.2.1
Thread model: posix
gcc version 4.2.1 (Based on Apple Inc. build 5658) (LLVM build 2336.11.00)
configure:3601: $? = 0
configure:3608: g++ -V >&5
llvm-g++-4.2: argument to `-V' is missing
configure:3612: $? = 1
configure:3615: checking whether we are using the GNU C++ compiler
configure:3644: g++ -c   conftest.cpp >&5
configure:3651: $? = 0
configure:3668: result: yes
configure:3677: checking whether g++ accepts -g
configure:3707: g++ -c -g  conftest.cpp >&5
configure:3714: $? = 0
configure:3815: result: yes
configure:3840: checking dependency style of g++
configure:3931: result: gcc3
configure:3947: checking whether gcc and cc understand -c and -o together
configure:3982: gcc -c conftest.c -o conftest2.o >&5
configure:3986: $? = 0
configure:3992: gcc -c conftest.c -o conftest2.o >&5
configure:3996: $? = 0
configure:4007: cc -c conftest.c >&5
configure:4011: $? = 0
configure:4019: cc -c conftest.c -o conftest2.o >&5
configure:4023: $? = 0
configure:4029: cc -c conftest.c -o conftest2.o >&5
configure:4033: $? = 0
configure:4051: result: yes
configure:4092: checking for a BSD-compatible install
configure:4160: result: /usr/bin/install -c
configure:4214: checking for ranlib
configure:4230: found /usr/bin/ranlib
configure:4241: result: ranlib
configure:4309: checking for ar
configure:4325: found /usr/bin/ar
configure:4336: result: ar
configure:4366: checking how to run the C preprocessor
configure:4406: gcc -E  conftest.c
configure:4413: $? = 0
configure:4444: gcc -E  conftest.c
conftest.c:8:28: error: ac_nonexistent.h: No such file or directory
configure:4451: $? = 1
configure: failed program was:
| /* confdefs.h.  */
| #define PACKAGE_NAME "open_jtalk"
| #define PACKAGE_TARNAME "open_jtalk"
| #define PACKAGE_VERSION "1.05"
| #define PACKAGE_STRING "open_jtalk 1.05"
| #define PACKAGE_BUGREPORT "open-jtalk-users@lists.sourceforge.net"
| /* end confdefs.h.  */
| #include <ac_nonexistent.h>
configure:4484: result: gcc -E
configure:4513: gcc -E  conftest.c
configure:4520: $? = 0
configure:4551: gcc -E  conftest.c
conftest.c:8:28: error: ac_nonexistent.h: No such file or directory
configure:4558: $? = 1
configure: failed program was:
| /* confdefs.h.  */
| #define PACKAGE_NAME "open_jtalk"
| #define PACKAGE_TARNAME "open_jtalk"
| #define PACKAGE_VERSION "1.05"
| #define PACKAGE_STRING "open_jtalk 1.05"
| #define PACKAGE_BUGREPORT "open-jtalk-users@lists.sourceforge.net"
| /* end confdefs.h.  */
| #include <ac_nonexistent.h>
configure:4598: checking for grep that handles long lines and -e
configure:4658: result: /usr/bin/grep
configure:4663: checking for egrep
configure:4727: result: /usr/bin/grep -E
configure:4732: checking for ANSI C header files
configure:4762: gcc -c -g -O2  conftest.c >&5
configure:4769: $? = 0
configure:4868: gcc -o conftest -g -O2   conftest.c  >&5
configure:4872: $? = 0
configure:4878: ./conftest
configure:4882: $? = 0
configure:4900: result: yes
configure:4924: checking for sys/types.h
configure:4945: gcc -c -g -O2  conftest.c >&5
configure:4952: $? = 0
configure:4969: result: yes
configure:4924: checking for sys/stat.h
configure:4945: gcc -c -g -O2  conftest.c >&5
configure:4952: $? = 0
configure:4969: result: yes
configure:4924: checking for stdlib.h
configure:4945: gcc -c -g -O2  conftest.c >&5
configure:4952: $? = 0
configure:4969: result: yes
configure:4924: checking for string.h
configure:4945: gcc -c -g -O2  conftest.c >&5
configure:4952: $? = 0
configure:4969: result: yes
configure:4924: checking for memory.h
configure:4945: gcc -c -g -O2  conftest.c >&5
configure:4952: $? = 0
configure:4969: result: yes
configure:4924: checking for strings.h
configure:4945: gcc -c -g -O2  conftest.c >&5
configure:4952: $? = 0
configure:4969: result: yes
configure:4924: checking for inttypes.h
configure:4945: gcc -c -g -O2  conftest.c >&5
configure:4952: $? = 0
configure:4969: result: yes
configure:4924: checking for stdint.h
configure:4945: gcc -c -g -O2  conftest.c >&5
configure:4952: $? = 0
configure:4969: result: yes
configure:4924: checking for unistd.h
configure:4945: gcc -c -g -O2  conftest.c >&5
configure:4952: $? = 0
configure:4969: result: yes
configure:4984: checking whether byte ordering is bigendian
configure:5009: gcc -c -g -O2  conftest.c >&5
configure:5016: $? = 0
configure:5066: gcc -c -g -O2  conftest.c >&5
configure:5073: $? = 0
configure:5105: gcc -c -g -O2  conftest.c >&5
conftest.c: In function 'main':
conftest.c:25: error: 'not' undeclared (first use in this function)
conftest.c:25: error: (Each undeclared identifier is reported only once
conftest.c:25: error: for each function it appears in.)
conftest.c:25: error: expected ';' before 'big'
configure:5112: $? = 1
configure: failed program was:
| /* confdefs.h.  */
| #define PACKAGE_NAME "open_jtalk"
| #define PACKAGE_TARNAME "open_jtalk"
| #define PACKAGE_VERSION "1.05"
| #define PACKAGE_STRING "open_jtalk 1.05"
| #define PACKAGE_BUGREPORT "open-jtalk-users@lists.sourceforge.net"
| #define STDC_HEADERS 1
| #define HAVE_SYS_TYPES_H 1
| #define HAVE_SYS_STAT_H 1
| #define HAVE_STDLIB_H 1
| #define HAVE_STRING_H 1
| #define HAVE_MEMORY_H 1
| #define HAVE_STRINGS_H 1
| #define HAVE_INTTYPES_H 1
| #define HAVE_STDINT_H 1
| #define HAVE_UNISTD_H 1
| /* end confdefs.h.  */
| #include <sys/types.h>
| 		#include <sys/param.h>
| 
| int
| main ()
| {
| #if BYTE_ORDER != BIG_ENDIAN
| 		 not big endian
| 		#endif
| 
|   ;
|   return 0;
| }
configure:5364: result: no
configure:5392: checking for log in -lm
configure:5427: gcc -o conftest -g -O2   conftest.c -lm   >&5
conftest.c:25: warning: conflicting types for built-in function 'log'
configure:5434: $? = 0
configure:5455: result: yes
configure:5466: checking for main in -lstdc++
configure:5495: gcc -o conftest -g -O2   conftest.c -lstdc++  -lm  >&5
configure:5502: $? = 0
configure:5523: result: yes
configure:5529: checking for iconv_open in -liconv
configure:5564: gcc -o conftest -g -O2   conftest.c -liconv  -lm  >&5
configure:5571: $? = 0
configure:5592: result: yes
configure:5598: checking for iconv_open
configure:5654: gcc -o conftest -g -O2   conftest.c -lm  >&5
Undefined symbols for architecture x86_64:
  "_iconv_open", referenced from:
      _main in cc203Uor.o
ld: symbol(s) not found for architecture x86_64
collect2: ld returned 1 exit status
configure:5661: $? = 1
configure: failed program was:
| /* confdefs.h.  */
| #define PACKAGE_NAME "open_jtalk"
| #define PACKAGE_TARNAME "open_jtalk"
| #define PACKAGE_VERSION "1.05"
| #define PACKAGE_STRING "open_jtalk 1.05"
| #define PACKAGE_BUGREPORT "open-jtalk-users@lists.sourceforge.net"
| #define STDC_HEADERS 1
| #define HAVE_SYS_TYPES_H 1
| #define HAVE_SYS_STAT_H 1
| #define HAVE_STDLIB_H 1
| #define HAVE_STRING_H 1
| #define HAVE_MEMORY_H 1
| #define HAVE_STRINGS_H 1
| #define HAVE_INTTYPES_H 1
| #define HAVE_STDINT_H 1
| #define HAVE_UNISTD_H 1
| #define HAVE_LIBM 1
| /* end confdefs.h.  */
| /* Define iconv_open to an innocuous variant, in case <limits.h> declares iconv_open.
|    For example, HP-UX 11i <limits.h> declares gettimeofday.  */
| #define iconv_open innocuous_iconv_open
| 
| /* System header to define __stub macros and hopefully few prototypes,
|     which can conflict with char iconv_open (); below.
|     Prefer <limits.h> to <assert.h> if __STDC__ is defined, since
|     <limits.h> exists even on freestanding compilers.  */
| 
| #ifdef __STDC__
| # include <limits.h>
| #else
| # include <assert.h>
| #endif
| 
| #undef iconv_open
| 
| /* Override any GCC internal prototype to avoid an error.
|    Use char because int might match the return type of a GCC
|    builtin and then its argument prototype would still apply.  */
| #ifdef __cplusplus
| extern "C"
| #endif
| char iconv_open ();
| /* The GNU C library defines this for functions which it implements
|     to always fail with ENOSYS.  Some functions are actually named
|     something starting with __ and the normal name is an alias.  */
| #if defined __stub_iconv_open || defined __stub___iconv_open
| choke me
| #endif
| 
| int
| main ()
| {
| return iconv_open ();
|   ;
|   return 0;
| }
configure:5681: result: no
configure:5689: checking for ANSI C header files
configure:5857: result: yes
configure:5885: checking for stdlib.h
configure:5892: result: yes
configure:5885: checking for string.h
configure:5892: result: yes
configure:5885: checking for unistd.h
configure:5892: result: yes
configure:5896: checking fcntl.h usability
configure:5913: gcc -c -g -O2  conftest.c >&5
configure:5920: $? = 0
configure:5934: result: yes
configure:5938: checking fcntl.h presence
configure:5953: gcc -E  conftest.c
configure:5960: $? = 0
configure:5974: result: yes
configure:6007: checking for fcntl.h
configure:6016: result: yes
configure:5885: checking for sys/stat.h
configure:5892: result: yes
configure:5896: checking sys/mman.h usability
configure:5913: gcc -c -g -O2  conftest.c >&5
configure:5920: $? = 0
configure:5934: result: yes
configure:5938: checking sys/mman.h presence
configure:5953: gcc -E  conftest.c
configure:5960: $? = 0
configure:5974: result: yes
configure:6007: checking for sys/mman.h
configure:6016: result: yes
configure:5896: checking sys/times.h usability
configure:5913: gcc -c -g -O2  conftest.c >&5
configure:5920: $? = 0
configure:5934: result: yes
configure:5938: checking sys/times.h presence
configure:5953: gcc -E  conftest.c
configure:5960: $? = 0
configure:5974: result: yes
configure:6007: checking for sys/times.h
configure:6016: result: yes
configure:5885: checking for sys/types.h
configure:5892: result: yes
configure:5896: checking dirent.h usability
configure:5913: gcc -c -g -O2  conftest.c >&5
configure:5920: $? = 0
configure:5934: result: yes
configure:5938: checking dirent.h presence
configure:5953: gcc -E  conftest.c
configure:5960: $? = 0
configure:5974: result: yes
configure:6007: checking for dirent.h
configure:6016: result: yes
configure:5896: checking ctype.h usability
configure:5913: gcc -c -g -O2  conftest.c >&5
configure:5920: $? = 0
configure:5934: result: yes
configure:5938: checking ctype.h presence
configure:5953: gcc -E  conftest.c
configure:5960: $? = 0
configure:5974: result: yes
configure:6007: checking for ctype.h
configure:6016: result: yes
configure:5885: checking for sys/types.h
configure:5892: result: yes
configure:5896: checking io.h usability
configure:5913: gcc -c -g -O2  conftest.c >&5
conftest.c:64:16: error: io.h: No such file or directory
configure:5920: $? = 1
configure: failed program was:
| /* confdefs.h.  */
| #define PACKAGE_NAME "open_jtalk"
| #define PACKAGE_TARNAME "open_jtalk"
| #define PACKAGE_VERSION "1.05"
| #define PACKAGE_STRING "open_jtalk 1.05"
| #define PACKAGE_BUGREPORT "open-jtalk-users@lists.sourceforge.net"
| #define STDC_HEADERS 1
| #define HAVE_SYS_TYPES_H 1
| #define HAVE_SYS_STAT_H 1
| #define HAVE_STDLIB_H 1
| #define HAVE_STRING_H 1
| #define HAVE_MEMORY_H 1
| #define HAVE_STRINGS_H 1
| #define HAVE_INTTYPES_H 1
| #define HAVE_STDINT_H 1
| #define HAVE_UNISTD_H 1
| #define HAVE_LIBM 1
| #define STDC_HEADERS 1
| #define HAVE_STDLIB_H 1
| #define HAVE_STRING_H 1
| #define HAVE_UNISTD_H 1
| #define HAVE_FCNTL_H 1
| #define HAVE_SYS_STAT_H 1
| #define HAVE_SYS_MMAN_H 1
| #define HAVE_SYS_TIMES_H 1
| #define HAVE_SYS_TYPES_H 1
| #define HAVE_DIRENT_H 1
| #define HAVE_CTYPE_H 1
| #define HAVE_SYS_TYPES_H 1
| /* end confdefs.h.  */
| #include <stdio.h>
| #ifdef HAVE_SYS_TYPES_H
| # include <sys/types.h>
| #endif
| #ifdef HAVE_SYS_STAT_H
| # include <sys/stat.h>
| #endif
| #ifdef STDC_HEADERS
| # include <stdlib.h>
| # include <stddef.h>
| #else
| # ifdef HAVE_STDLIB_H
| #  include <stdlib.h>
| # endif
| #endif
| #ifdef HAVE_STRING_H
| # if !defined STDC_HEADERS && defined HAVE_MEMORY_H
| #  include <memory.h>
| # endif
| # include <string.h>
| #endif
| #ifdef HAVE_STRINGS_H
| # include <strings.h>
| #endif
| #ifdef HAVE_INTTYPES_H
| # include <inttypes.h>
| #endif
| #ifdef HAVE_STDINT_H
| # include <stdint.h>
| #endif
| #ifdef HAVE_UNISTD_H
| # include <unistd.h>
| #endif
| #include <io.h>
configure:5934: result: no
configure:5938: checking io.h presence
configure:5953: gcc -E  conftest.c
conftest.c:31:16: error: io.h: No such file or directory
configure:5960: $? = 1
configure: failed program was:
| /* confdefs.h.  */
| #define PACKAGE_NAME "open_jtalk"
| #define PACKAGE_TARNAME "open_jtalk"
| #define PACKAGE_VERSION "1.05"
| #define PACKAGE_STRING "open_jtalk 1.05"
| #define PACKAGE_BUGREPORT "open-jtalk-users@lists.sourceforge.net"
| #define STDC_HEADERS 1
| #define HAVE_SYS_TYPES_H 1
| #define HAVE_SYS_STAT_H 1
| #define HAVE_STDLIB_H 1
| #define HAVE_STRING_H 1
| #define HAVE_MEMORY_H 1
| #define HAVE_STRINGS_H 1
| #define HAVE_INTTYPES_H 1
| #define HAVE_STDINT_H 1
| #define HAVE_UNISTD_H 1
| #define HAVE_LIBM 1
| #define STDC_HEADERS 1
| #define HAVE_STDLIB_H 1
| #define HAVE_STRING_H 1
| #define HAVE_UNISTD_H 1
| #define HAVE_FCNTL_H 1
| #define HAVE_SYS_STAT_H 1
| #define HAVE_SYS_MMAN_H 1
| #define HAVE_SYS_TIMES_H 1
| #define HAVE_SYS_TYPES_H 1
| #define HAVE_DIRENT_H 1
| #define HAVE_CTYPE_H 1
| #define HAVE_SYS_TYPES_H 1
| /* end confdefs.h.  */
| #include <io.h>
configure:5974: result: no
configure:6007: checking for io.h
configure:6016: result: no
configure:5896: checking windows.h usability
configure:5913: gcc -c -g -O2  conftest.c >&5
conftest.c:64:21: error: windows.h: No such file or directory
configure:5920: $? = 1
configure: failed program was:
| /* confdefs.h.  */
| #define PACKAGE_NAME "open_jtalk"
| #define PACKAGE_TARNAME "open_jtalk"
| #define PACKAGE_VERSION "1.05"
| #define PACKAGE_STRING "open_jtalk 1.05"
| #define PACKAGE_BUGREPORT "open-jtalk-users@lists.sourceforge.net"
| #define STDC_HEADERS 1
| #define HAVE_SYS_TYPES_H 1
| #define HAVE_SYS_STAT_H 1
| #define HAVE_STDLIB_H 1
| #define HAVE_STRING_H 1
| #define HAVE_MEMORY_H 1
| #define HAVE_STRINGS_H 1
| #define HAVE_INTTYPES_H 1
| #define HAVE_STDINT_H 1
| #define HAVE_UNISTD_H 1
| #define HAVE_LIBM 1
| #define STDC_HEADERS 1
| #define HAVE_STDLIB_H 1
| #define HAVE_STRING_H 1
| #define HAVE_UNISTD_H 1
| #define HAVE_FCNTL_H 1
| #define HAVE_SYS_STAT_H 1
| #define HAVE_SYS_MMAN_H 1
| #define HAVE_SYS_TIMES_H 1
| #define HAVE_SYS_TYPES_H 1
| #define HAVE_DIRENT_H 1
| #define HAVE_CTYPE_H 1
| #define HAVE_SYS_TYPES_H 1
| /* end confdefs.h.  */
| #include <stdio.h>
| #ifdef HAVE_SYS_TYPES_H
| # include <sys/types.h>
| #endif
| #ifdef HAVE_SYS_STAT_H
| # include <sys/stat.h>
| #endif
| #ifdef STDC_HEADERS
| # include <stdlib.h>
| # include <stddef.h>
| #else
| # ifdef HAVE_STDLIB_H
| #  include <stdlib.h>
| # endif
| #endif
| #ifdef HAVE_STRING_H
| # if !defined STDC_HEADERS && defined HAVE_MEMORY_H
| #  include <memory.h>
| # endif
| # include <string.h>
| #endif
| #ifdef HAVE_STRINGS_H
| # include <strings.h>
| #endif
| #ifdef HAVE_INTTYPES_H
| # include <inttypes.h>
| #endif
| #ifdef HAVE_STDINT_H
| # include <stdint.h>
| #endif
| #ifdef HAVE_UNISTD_H
| # include <unistd.h>
| #endif
| #include <windows.h>
configure:5934: result: no
configure:5938: checking windows.h presence
configure:5953: gcc -E  conftest.c
conftest.c:31:21: error: windows.h: No such file or directory
configure:5960: $? = 1
configure: failed program was:
| /* confdefs.h.  */
| #define PACKAGE_NAME "open_jtalk"
| #define PACKAGE_TARNAME "open_jtalk"
| #define PACKAGE_VERSION "1.05"
| #define PACKAGE_STRING "open_jtalk 1.05"
| #define PACKAGE_BUGREPORT "open-jtalk-users@lists.sourceforge.net"
| #define STDC_HEADERS 1
| #define HAVE_SYS_TYPES_H 1
| #define HAVE_SYS_STAT_H 1
| #define HAVE_STDLIB_H 1
| #define HAVE_STRING_H 1
| #define HAVE_MEMORY_H 1
| #define HAVE_STRINGS_H 1
| #define HAVE_INTTYPES_H 1
| #define HAVE_STDINT_H 1
| #define HAVE_UNISTD_H 1
| #define HAVE_LIBM 1
| #define STDC_HEADERS 1
| #define HAVE_STDLIB_H 1
| #define HAVE_STRING_H 1
| #define HAVE_UNISTD_H 1
| #define HAVE_FCNTL_H 1
| #define HAVE_SYS_STAT_H 1
| #define HAVE_SYS_MMAN_H 1
| #define HAVE_SYS_TIMES_H 1
| #define HAVE_SYS_TYPES_H 1
| #define HAVE_DIRENT_H 1
| #define HAVE_CTYPE_H 1
| #define HAVE_SYS_TYPES_H 1
| /* end confdefs.h.  */
| #include <windows.h>
configure:5974: result: no
configure:6007: checking for windows.h
configure:6016: result: no
configure:5896: checking setjmp.h usability
configure:5913: gcc -c -g -O2  conftest.c >&5
configure:5920: $? = 0
configure:5934: result: yes
configure:5938: checking setjmp.h presence
configure:5953: gcc -E  conftest.c
configure:5960: $? = 0
configure:5974: result: yes
configure:6007: checking for setjmp.h
configure:6016: result: yes
configure:6033: checking for an ANSI C-conforming const
configure:6108: gcc -c -g -O2  conftest.c >&5
configure:6115: $? = 0
configure:6130: result: yes
configure:6140: checking for size_t
configure:6168: gcc -c -g -O2  conftest.c >&5
configure:6175: $? = 0
configure:6202: gcc -c -g -O2  conftest.c >&5
conftest.c: In function 'main':
conftest.c:68: error: expected expression before ')' token
configure:6209: $? = 1
configure: failed program was:
| /* confdefs.h.  */
| #define PACKAGE_NAME "open_jtalk"
| #define PACKAGE_TARNAME "open_jtalk"
| #define PACKAGE_VERSION "1.05"
| #define PACKAGE_STRING "open_jtalk 1.05"
| #define PACKAGE_BUGREPORT "open-jtalk-users@lists.sourceforge.net"
| #define STDC_HEADERS 1
| #define HAVE_SYS_TYPES_H 1
| #define HAVE_SYS_STAT_H 1
| #define HAVE_STDLIB_H 1
| #define HAVE_STRING_H 1
| #define HAVE_MEMORY_H 1
| #define HAVE_STRINGS_H 1
| #define HAVE_INTTYPES_H 1
| #define HAVE_STDINT_H 1
| #define HAVE_UNISTD_H 1
| #define HAVE_LIBM 1
| #define STDC_HEADERS 1
| #define HAVE_STDLIB_H 1
| #define HAVE_STRING_H 1
| #define HAVE_UNISTD_H 1
| #define HAVE_FCNTL_H 1
| #define HAVE_SYS_STAT_H 1
| #define HAVE_SYS_MMAN_H 1
| #define HAVE_SYS_TIMES_H 1
| #define HAVE_SYS_TYPES_H 1
| #define HAVE_DIRENT_H 1
| #define HAVE_CTYPE_H 1
| #define HAVE_SYS_TYPES_H 1
| #define HAVE_SETJMP_H 1
| /* end confdefs.h.  */
| #include <stdio.h>
| #ifdef HAVE_SYS_TYPES_H
| # include <sys/types.h>
| #endif
| #ifdef HAVE_SYS_STAT_H
| # include <sys/stat.h>
| #endif
| #ifdef STDC_HEADERS
| # include <stdlib.h>
| # include <stddef.h>
| #else
| # ifdef HAVE_STDLIB_H
| #  include <stdlib.h>
| # endif
| #endif
| #ifdef HAVE_STRING_H
| # if !defined STDC_HEADERS && defined HAVE_MEMORY_H
| #  include <memory.h>
| # endif
| # include <string.h>
| #endif
| #ifdef HAVE_STRINGS_H
| # include <strings.h>
| #endif
| #ifdef HAVE_INTTYPES_H
| # include <inttypes.h>
| #endif
| #ifdef HAVE_STDINT_H
| # include <stdint.h>
| #endif
| #ifdef HAVE_UNISTD_H
| # include <unistd.h>
| #endif
| int
| main ()
| {
| if (sizeof ((size_t)))
| 	  return 0;
|   ;
|   return 0;
| }
configure:6232: result: yes
configure:6252: checking for stdlib.h
configure:6259: result: yes
configure:6252: checking for unistd.h
configure:6259: result: yes
configure:6402: checking for getpagesize
configure:6458: gcc -o conftest -g -O2   conftest.c -lm  >&5
configure:6465: $? = 0
configure:6487: result: yes
configure:6499: checking for working mmap
configure:6646: gcc -o conftest -g -O2   conftest.c -lm  >&5
configure:6650: $? = 0
configure:6656: ./conftest
configure:6660: $? = 0
configure:6677: result: yes
configure:6692: checking for sqrt
configure:6748: gcc -o conftest -g -O2   conftest.c -lm  >&5
conftest.c:59: warning: conflicting types for built-in function 'sqrt'
configure:6755: $? = 0
configure:6777: result: yes
configure:6793: checking for strstr
configure:6849: gcc -o conftest -g -O2   conftest.c -lm  >&5
conftest.c:60: warning: conflicting types for built-in function 'strstr'
configure:6856: $? = 0
configure:6878: result: yes
configure:6894: checking for getenv
configure:6950: gcc -o conftest -g -O2   conftest.c -lm  >&5
configure:6957: $? = 0
configure:6979: result: yes
configure:6995: checking for opendir
configure:7051: gcc -o conftest -g -O2   conftest.c -lm  >&5
configure:7058: $? = 0
configure:7080: result: yes
configure:7096: checking for setjmp
configure:7152: gcc -o conftest -g -O2   conftest.c -lm  >&5
configure:7159: $? = 0
configure:7181: result: yes
configure:7202: checking whether gcc needs -traditional
conftest.c:41:20: error: termio.h: No such file or directory
configure:7244: result: no
configure:7251: checking whether make sets $(MAKE)
configure:7273: result: yes
configure:7282: checking for library containing strerror
configure:7323: gcc -o conftest -g -O2   conftest.c -lm  >&5
configure:7330: $? = 0
configure:7361: result: none required
configure:7375: checking build system type
configure:7393: result: i386-apple-darwin12.2.0
configure:7415: checking host system type
configure:7430: result: i386-apple-darwin12.2.0
configure:7469: checking for off_t
configure:7497: gcc -c -g -O2  conftest.c >&5
configure:7504: $? = 0
configure:7531: gcc -c -g -O2  conftest.c >&5
conftest.c: In function 'main':
conftest.c:77: error: expected expression before ')' token
configure:7538: $? = 1
configure: failed program was:
| /* confdefs.h.  */
| #define PACKAGE_NAME "open_jtalk"
| #define PACKAGE_TARNAME "open_jtalk"
| #define PACKAGE_VERSION "1.05"
| #define PACKAGE_STRING "open_jtalk 1.05"
| #define PACKAGE_BUGREPORT "open-jtalk-users@lists.sourceforge.net"
| #define STDC_HEADERS 1
| #define HAVE_SYS_TYPES_H 1
| #define HAVE_SYS_STAT_H 1
| #define HAVE_STDLIB_H 1
| #define HAVE_STRING_H 1
| #define HAVE_MEMORY_H 1
| #define HAVE_STRINGS_H 1
| #define HAVE_INTTYPES_H 1
| #define HAVE_STDINT_H 1
| #define HAVE_UNISTD_H 1
| #define HAVE_LIBM 1
| #define STDC_HEADERS 1
| #define HAVE_STDLIB_H 1
| #define HAVE_STRING_H 1
| #define HAVE_UNISTD_H 1
| #define HAVE_FCNTL_H 1
| #define HAVE_SYS_STAT_H 1
| #define HAVE_SYS_MMAN_H 1
| #define HAVE_SYS_TIMES_H 1
| #define HAVE_SYS_TYPES_H 1
| #define HAVE_DIRENT_H 1
| #define HAVE_CTYPE_H 1
| #define HAVE_SYS_TYPES_H 1
| #define HAVE_SETJMP_H 1
| #define HAVE_STDLIB_H 1
| #define HAVE_UNISTD_H 1
| #define HAVE_GETPAGESIZE 1
| #define HAVE_MMAP 1
| #define HAVE_SQRT 1
| #define HAVE_STRSTR 1
| #define HAVE_GETENV 1
| #define HAVE_OPENDIR 1
| #define HAVE_SETJMP 1
| /* end confdefs.h.  */
| #include <stdio.h>
| #ifdef HAVE_SYS_TYPES_H
| # include <sys/types.h>
| #endif
| #ifdef HAVE_SYS_STAT_H
| # include <sys/stat.h>
| #endif
| #ifdef STDC_HEADERS
| # include <stdlib.h>
| # include <stddef.h>
| #else
| # ifdef HAVE_STDLIB_H
| #  include <stdlib.h>
| # endif
| #endif
| #ifdef HAVE_STRING_H
| # if !defined STDC_HEADERS && defined HAVE_MEMORY_H
| #  include <memory.h>
| # endif
| # include <string.h>
| #endif
| #ifdef HAVE_STRINGS_H
| # include <strings.h>
| #endif
| #ifdef HAVE_INTTYPES_H
| # include <inttypes.h>
| #endif
| #ifdef HAVE_STDINT_H
| # include <stdint.h>
| #endif
| #ifdef HAVE_UNISTD_H
| # include <unistd.h>
| #endif
| int
| main ()
| {
| if (sizeof ((off_t)))
| 	  return 0;
|   ;
|   return 0;
| }
configure:7561: result: yes
configure:7598: checking for size_t
configure:7690: result: yes
configure:7706: checking size of char
configure:8011: gcc -o conftest -g -O2   conftest.c -lm  >&5
configure:8015: $? = 0
configure:8021: ./conftest
configure:8025: $? = 0
configure:8051: result: 1
configure:8065: checking size of short
configure:8370: gcc -o conftest -g -O2   conftest.c -lm  >&5
configure:8374: $? = 0
configure:8380: ./conftest
configure:8384: $? = 0
configure:8410: result: 2
configure:8424: checking size of int
configure:8729: gcc -o conftest -g -O2   conftest.c -lm  >&5
configure:8733: $? = 0
configure:8739: ./conftest
configure:8743: $? = 0
configure:8769: result: 4
configure:8783: checking size of long
configure:9088: gcc -o conftest -g -O2   conftest.c -lm  >&5
configure:9092: $? = 0
configure:9098: ./conftest
configure:9102: $? = 0
configure:9128: result: 8
configure:9142: checking size of long long
configure:9447: gcc -o conftest -g -O2   conftest.c -lm  >&5
configure:9451: $? = 0
configure:9457: ./conftest
configure:9461: $? = 0
configure:9487: result: 8
configure:9501: checking size of size_t
configure:9806: gcc -o conftest -g -O2   conftest.c -lm  >&5
configure:9810: $? = 0
configure:9816: ./conftest
configure:9820: $? = 0
configure:9846: result: 8
configure:9856: checking for size_t
configure:9948: result: yes
configure:9979: checking whether make is GNU Make
configure:9982: result: yes
configure:9993: checking if g++ supports template <class T> (required)
configure:10023: g++ -c -g -O2  conftest.cpp >&5
configure:10030: $? = 0
configure:10050: result: yes
configure:10052: checking if g++ supports const_cast<> (required)
configure:10080: g++ -c -g -O2  conftest.cpp >&5
configure:10087: $? = 0
configure:10107: result: yes
configure:10109: checking if g++ supports static_cast<> (required)
configure:10137: g++ -c -g -O2  conftest.cpp >&5
configure:10144: $? = 0
configure:10164: result: yes
configure:10166: checking if g++ supports dynamic_cast<> (required)
configure:10195: g++ -c -g -O2  conftest.cpp >&5
configure:10202: $? = 0
configure:10222: result: yes
configure:10224: checking if g++ supports reinterpret_cast<> (required)
configure:10251: g++ -c -g -O2  conftest.cpp >&5
configure:10258: $? = 0
configure:10278: result: yes
configure:10280: checking if g++ supports exception handler (required)
configure:10313: g++ -c -g -O2  conftest.cpp >&5
configure:10320: $? = 0
configure:10340: result: yes
configure:10342: checking if g++ supports namespaces (required) 
configure:10370: g++ -c -g -O2  conftest.cpp >&5
configure:10377: $? = 0
configure:10396: result: yes
configure:10398: checking if g++ environment provides all required features
configure:10409: result: yes
configure:10440: checking for HTS_engine.h
configure:10442: result: /Users/hecomi/Program/javascript/node.js/openjtalk/lib/hts_engine_API-1.06//include/HTS_engine.h
configure:10465: checking for libHTSEngine.a
configure:10467: result: /Users/hecomi/Program/javascript/node.js/openjtalk/lib/hts_engine_API-1.06//lib/libHTSEngine.a
configure:10484: checking whether to enable compiling for embedded devices
configure:10492: result: no
configure:10668: checking charset
configure:10670: result: UTF-8
configure:10836: creating ./config.status

## ---------------------- ##
## Running config.status. ##
## ---------------------- ##

This file was extended by open_jtalk config.status 1.05, which was
generated by GNU Autoconf 2.63.  Invocation command line was

  CONFIG_FILES    = 
  CONFIG_HEADERS  = 
  CONFIG_LINKS    = 
  CONFIG_COMMANDS = 
  $ ./config.status 

on hecomba.local

config.status:842: creating Makefile
config.status:842: creating bin/Makefile
config.status:842: creating text2mecab/Makefile
config.status:842: creating mecab/Makefile
config.status:842: creating mecab/src/Makefile
config.status:842: creating mecab2njd/Makefile
config.status:842: creating njd/Makefile
config.status:842: creating njd_set_pronunciation/Makefile
config.status:842: creating njd_set_digit/Makefile
config.status:842: creating njd_set_accent_phrase/Makefile
config.status:842: creating njd_set_accent_type/Makefile
config.status:842: creating njd_set_unvoiced_vowel/Makefile
config.status:842: creating njd_set_long_vowel/Makefile
config.status:842: creating njd2jpcommon/Makefile
config.status:842: creating jpcommon/Makefile
config.status:842: creating mecab-naist-jdic/Makefile
config.status:842: creating mecab/config.h
config.status:1064: mecab/config.h is unchanged
config.status:1116: executing depfiles commands

## ---------------- ##
## Cache variables. ##
## ---------------- ##

ac_cv_build=i386-apple-darwin12.2.0
ac_cv_c_bigendian=no
ac_cv_c_compiler_gnu=yes
ac_cv_c_const=yes
ac_cv_cxx_compiler_gnu=yes
ac_cv_env_CCC_set=
ac_cv_env_CCC_value=
ac_cv_env_CC_set=
ac_cv_env_CC_value=
ac_cv_env_CFLAGS_set=
ac_cv_env_CFLAGS_value=
ac_cv_env_CPPFLAGS_set=
ac_cv_env_CPPFLAGS_value=
ac_cv_env_CPP_set=
ac_cv_env_CPP_value=
ac_cv_env_CXXFLAGS_set=
ac_cv_env_CXXFLAGS_value=
ac_cv_env_CXX_set=
ac_cv_env_CXX_value=
ac_cv_env_LDFLAGS_set=
ac_cv_env_LDFLAGS_value=
ac_cv_env_LIBS_set=
ac_cv_env_LIBS_value=
ac_cv_env_build_alias_set=
ac_cv_env_build_alias_value=
ac_cv_env_host_alias_set=
ac_cv_env_host_alias_value=
ac_cv_env_target_alias_set=
ac_cv_env_target_alias_value=
ac_cv_func_getenv=yes
ac_cv_func_getpagesize=yes
ac_cv_func_iconv_open=no
ac_cv_func_mmap_fixed_mapped=yes
ac_cv_func_opendir=yes
ac_cv_func_setjmp=yes
ac_cv_func_sqrt=yes
ac_cv_func_strstr=yes
ac_cv_header_ctype_h=yes
ac_cv_header_dirent_h=yes
ac_cv_header_fcntl_h=yes
ac_cv_header_inttypes_h=yes
ac_cv_header_io_h=no
ac_cv_header_memory_h=yes
ac_cv_header_setjmp_h=yes
ac_cv_header_stdc=yes
ac_cv_header_stdint_h=yes
ac_cv_header_stdlib_h=yes
ac_cv_header_string_h=yes
ac_cv_header_strings_h=yes
ac_cv_header_sys_mman_h=yes
ac_cv_header_sys_stat_h=yes
ac_cv_header_sys_times_h=yes
ac_cv_header_sys_types_h=yes
ac_cv_header_unistd_h=yes
ac_cv_header_windows_h=no
ac_cv_host=i386-apple-darwin12.2.0
ac_cv_lib_iconv_iconv_open=yes
ac_cv_lib_m_log=yes
ac_cv_lib_stdcpp_main=yes
ac_cv_objext=o
ac_cv_path_EGREP='/usr/bin/grep -E'
ac_cv_path_GREP=/usr/bin/grep
ac_cv_path_install='/usr/bin/install -c'
ac_cv_prog_AWK=awk
ac_cv_prog_CPP='gcc -E'
ac_cv_prog_ac_ct_AR=ar
ac_cv_prog_ac_ct_CC=gcc
ac_cv_prog_ac_ct_CXX=g++
ac_cv_prog_ac_ct_RANLIB=ranlib
ac_cv_prog_cc_c89=
ac_cv_prog_cc_g=yes
ac_cv_prog_cc_gcc_c_o=yes
ac_cv_prog_cxx_g=yes
ac_cv_prog_gcc_traditional=no
ac_cv_prog_make_make_set=yes
ac_cv_search_strerror='none required'
ac_cv_sizeof_char=1
ac_cv_sizeof_int=4
ac_cv_sizeof_long=8
ac_cv_sizeof_long_long=8
ac_cv_sizeof_short=2
ac_cv_sizeof_size_t=8
ac_cv_type_off_t=yes
ac_cv_type_size_t=yes
am_cv_CC_dependencies_compiler_type=gcc3
am_cv_CXX_dependencies_compiler_type=gcc3

## ----------------- ##
## Output variables. ##
## ----------------- ##

ACLOCAL='${SHELL} /Users/hecomi/Program/javascript/node.js/openjtalk/lib/open_jtalk-1.05/config/missing --run aclocal-1.10'
AMDEPBACKSLASH='\'
AMDEP_FALSE='#'
AMDEP_TRUE=''
AMTAR='${SHELL} /Users/hecomi/Program/javascript/node.js/openjtalk/lib/open_jtalk-1.05/config/missing --run tar'
AR='ar'
AUDIO_PLAY=''
AUTOCONF='${SHELL} /Users/hecomi/Program/javascript/node.js/openjtalk/lib/open_jtalk-1.05/config/missing --run autoconf'
AUTOHEADER='${SHELL} /Users/hecomi/Program/javascript/node.js/openjtalk/lib/open_jtalk-1.05/config/missing --run autoheader'
AUTOMAKE='${SHELL} /Users/hecomi/Program/javascript/node.js/openjtalk/lib/open_jtalk-1.05/config/missing --run automake-1.10'
AWK='awk'
CC='gcc'
CCDEPMODE='depmode=gcc3'
CFLAGS='-O2 -Wall -g -g -O2 -finput-charset=UTF-8 -fexec-charset=UTF-8 '
CHARSET='-D CHARSET_UTF_8'
CPP='gcc -E'
CPPFLAGS=''
CXX='g++'
CXXDEPMODE='depmode=gcc3'
CXXFLAGS='-O3 -Wall -Wno-deprecated -g -O2  -finput-charset=UTF-8 -fexec-charset=UTF-8 '
CYGPATH_W='echo'
DEFS='-DHAVE_CONFIG_H'
DEPDIR='.deps'
DIC_VERSION='102'
ECHO_C='\c'
ECHO_N=''
ECHO_T=''
EGREP='/usr/bin/grep -E'
EXEEXT=''
GREP='/usr/bin/grep'
HTS_EMBEDDED=''
HTS_ENGINE_HEADER='/Users/hecomi/Program/javascript/node.js/openjtalk/lib/hts_engine_API-1.06//include/HTS_engine.h'
HTS_ENGINE_HEADER_DIR='/Users/hecomi/Program/javascript/node.js/openjtalk/lib/hts_engine_API-1.06//include'
HTS_ENGINE_LIBRARY='/Users/hecomi/Program/javascript/node.js/openjtalk/lib/hts_engine_API-1.06//lib/libHTSEngine.a'
HTS_ENGINE_LIBRARY_DIR='/Users/hecomi/Program/javascript/node.js/openjtalk/lib/hts_engine_API-1.06//lib'
INSTALL_DATA='${INSTALL} -m 644'
INSTALL_PROGRAM='${INSTALL}'
INSTALL_SCRIPT='${INSTALL}'
INSTALL_STRIP_PROGRAM='$(install_sh) -c -s'
LDFLAGS=''
LIBOBJS=''
LIBS='-lm  -lstdc++ -liconv'
LTLIBOBJS=''
MAKEINFO='${SHELL} /Users/hecomi/Program/javascript/node.js/openjtalk/lib/open_jtalk-1.05/config/missing --run makeinfo'
MECAB_CHARSET='utf-8'
MECAB_DEFAULT_RC='dummy'
MECAB_LIBS='-lstdc++ -liconv'
MECAB_USE_UTF8_ONLY='-D MECAB_USE_UTF8_ONLY'
MECAB_WITHOUT_MUTEX_LOCK=''
MKDIR_P='config/install-sh -c -d'
OBJEXT='o'
PACKAGE='open_jtalk'
PACKAGE_BUGREPORT='open-jtalk-users@lists.sourceforge.net'
PACKAGE_NAME='open_jtalk'
PACKAGE_STRING='open_jtalk 1.05'
PACKAGE_TARNAME='open_jtalk'
PACKAGE_VERSION='1.05'
PATH_SEPARATOR=':'
RANLIB='ranlib'
SET_MAKE=''
SHELL='/bin/sh'
STRIP=''
VERSION='1.05'
ac_ct_CC='gcc'
ac_ct_CXX='g++'
am__fastdepCC_FALSE='#'
am__fastdepCC_TRUE=''
am__fastdepCXX_FALSE='#'
am__fastdepCXX_TRUE=''
am__include='include'
am__isrc=''
am__leading_dot='.'
am__quote=''
am__tar='${AMTAR} chof - "$$tardir"'
am__untar='${AMTAR} xf -'
bindir='${exec_prefix}/bin'
build='i386-apple-darwin12.2.0'
build_alias=''
build_cpu='i386'
build_os='darwin12.2.0'
build_vendor='apple'
datadir='${datarootdir}'
datarootdir='${prefix}/share'
docdir='${datarootdir}/doc/${PACKAGE_TARNAME}'
dvidir='${docdir}'
exec_prefix='${prefix}'
host='i386-apple-darwin12.2.0'
host_alias=''
host_cpu='i386'
host_os='darwin12.2.0'
host_vendor='apple'
htmldir='${docdir}'
includedir='${prefix}/include'
infodir='${datarootdir}/info'
install_sh='$(SHELL) /Users/hecomi/Program/javascript/node.js/openjtalk/lib/open_jtalk-1.05/config/install-sh'
libdir='${exec_prefix}/lib'
libexecdir='${exec_prefix}/libexec'
localedir='${datarootdir}/locale'
localstatedir='${prefix}/var'
mandir='${datarootdir}/man'
mkdir_p='$(top_builddir)/config/install-sh -c -d'
oldincludedir='/usr/include'
pdfdir='${docdir}'
prefix='/usr/local'
program_transform_name='s,x,x,'
psdir='${docdir}'
sbindir='${exec_prefix}/sbin'
sharedstatedir='${prefix}/com'
sysconfdir='${prefix}/etc'
target_alias=''

## ----------- ##
## confdefs.h. ##
## ----------- ##

#define PACKAGE_NAME "open_jtalk"
#define PACKAGE_TARNAME "open_jtalk"
#define PACKAGE_VERSION "1.05"
#define PACKAGE_STRING "open_jtalk 1.05"
#define PACKAGE_BUGREPORT "open-jtalk-users@lists.sourceforge.net"
#define STDC_HEADERS 1
#define HAVE_SYS_TYPES_H 1
#define HAVE_SYS_STAT_H 1
#define HAVE_STDLIB_H 1
#define HAVE_STRING_H 1
#define HAVE_MEMORY_H 1
#define HAVE_STRINGS_H 1
#define HAVE_INTTYPES_H 1
#define HAVE_STDINT_H 1
#define HAVE_UNISTD_H 1
#define HAVE_LIBM 1
#define STDC_HEADERS 1
#define HAVE_STDLIB_H 1
#define HAVE_STRING_H 1
#define HAVE_UNISTD_H 1
#define HAVE_FCNTL_H 1
#define HAVE_SYS_STAT_H 1
#define HAVE_SYS_MMAN_H 1
#define HAVE_SYS_TIMES_H 1
#define HAVE_SYS_TYPES_H 1
#define HAVE_DIRENT_H 1
#define HAVE_CTYPE_H 1
#define HAVE_SYS_TYPES_H 1
#define HAVE_SETJMP_H 1
#define HAVE_STDLIB_H 1
#define HAVE_UNISTD_H 1
#define HAVE_GETPAGESIZE 1
#define HAVE_MMAP 1
#define HAVE_SQRT 1
#define HAVE_STRSTR 1
#define HAVE_GETENV 1
#define HAVE_OPENDIR 1
#define HAVE_SETJMP 1
#define HAVE_ICONV 1
#define ICONV_CONST /**/
#define SIZEOF_CHAR 1
#define SIZEOF_SHORT 2
#define SIZEOF_INT 4
#define SIZEOF_LONG 8
#define SIZEOF_LONG_LONG 8
#define SIZEOF_SIZE_T 8

configure: exit 0
